$ /Users/sunlay/Desktop/ai_learn/.venv/bin/python /Users/sunlay/Desktop/ai_learn/literature_survey/run_survey.py --mode classify --venues icml --years 2025 2024 2023 --workers 6 --batch-size 20 --classify-workers 2 --top-k-topics 12

Using 6482 cached classifications; 1286 papers still need API tagging.
Classifying with batch_size=20, classify_workers=2.
[classify] completed_batches=1/65 classified_papers=6502/7768
[classify] completed_batches=2/65 classified_papers=6522/7768
[classify] completed_batches=3/65 classified_papers=6542/7768
[classify] completed_batches=4/65 classified_papers=6562/7768
[classify] completed_batches=5/65 classified_papers=6582/7768
[classify] completed_batches=6/65 classified_papers=6602/7768
[classify] completed_batches=7/65 classified_papers=6622/7768
[classify] completed_batches=8/65 classified_papers=6642/7768
[classify] completed_batches=9/65 classified_papers=6662/7768
[classify] completed_batches=10/65 classified_papers=6682/7768
[classify] completed_batches=11/65 classified_papers=6702/7768
[classify] completed_batches=12/65 classified_papers=6722/7768
[classify] completed_batches=13/65 classified_papers=6742/7768
[classify] completed_batches=14/65 classified_papers=6762/7768
[classify] completed_batches=15/65 classified_papers=6782/7768
[classify] completed_batches=16/65 classified_papers=6802/7768
[classify] completed_batches=17/65 classified_papers=6822/7768
[classify] completed_batches=18/65 classified_papers=6842/7768
[classify] completed_batches=19/65 classified_papers=6862/7768
[classify] completed_batches=20/65 classified_papers=6882/7768
[classify] completed_batches=21/65 classified_papers=6902/7768
[classify] completed_batches=22/65 classified_papers=6922/7768
[classify] completed_batches=23/65 classified_papers=6942/7768
[classify] completed_batches=24/65 classified_papers=6962/7768
[classify] completed_batches=25/65 classified_papers=6982/7768
[classify] completed_batches=26/65 classified_papers=7002/7768
[classify] completed_batches=27/65 classified_papers=7022/7768
[classify] completed_batches=28/65 classified_papers=7042/7768
[classify] completed_batches=29/65 classified_papers=7062/7768
[classify] completed_batches=30/65 classified_papers=7082/7768
[classify] completed_batches=31/65 classified_papers=7102/7768
[classify] completed_batches=32/65 classified_papers=7122/7768
[classify] completed_batches=33/65 classified_papers=7142/7768
[classify] completed_batches=34/65 classified_papers=7162/7768
[classify] completed_batches=35/65 classified_papers=7182/7768
[classify] completed_batches=36/65 classified_papers=7202/7768
[classify] completed_batches=37/65 classified_papers=7222/7768
[classify] completed_batches=38/65 classified_papers=7242/7768
[classify] completed_batches=39/65 classified_papers=7262/7768
[classify] completed_batches=40/65 classified_papers=7282/7768
[classify] completed_batches=41/65 classified_papers=7302/7768
[classify] completed_batches=42/65 classified_papers=7322/7768
[classify] completed_batches=43/65 classified_papers=7342/7768
[classify] completed_batches=44/65 classified_papers=7362/7768
[classify] completed_batches=45/65 classified_papers=7382/7768
[classify] completed_batches=46/65 classified_papers=7402/7768
[classify] completed_batches=47/65 classified_papers=7422/7768
[classify] completed_batches=48/65 classified_papers=7442/7768
[classify] completed_batches=49/65 classified_papers=7462/7768
[classify] completed_batches=50/65 classified_papers=7482/7768
[classify] completed_batches=51/65 classified_papers=7502/7768
[classify] completed_batches=52/65 classified_papers=7522/7768
[classify] completed_batches=53/65 classified_papers=7542/7768
[classify] completed_batches=54/65 classified_papers=7562/7768
[classify] completed_batches=55/65 classified_papers=7582/7768
[classify] completed_batches=56/65 classified_papers=7602/7768
[classify] completed_batches=57/65 classified_papers=7622/7768
[classify] completed_batches=58/65 classified_papers=7642/7768
[classify] completed_batches=59/65 classified_papers=7662/7768
[classify] completed_batches=60/65 classified_papers=7682/7768
[classify] completed_batches=61/65 classified_papers=7702/7768
[classify] completed_batches=62/65 classified_papers=7722/7768
[classify] completed_batches=63/65 classified_papers=7742/7768
[classify] completed_batches=64/65 classified_papers=7762/7768
[classify] completed_batches=65/65 classified_papers=7768/7768
Wrote classified papers to /Users/sunlay/Desktop/ai_learn/literature_survey/output/icml_2023-2025/classified_papers.csv
