$ /Users/sunlay/Desktop/ai_learn/.venv/bin/python /Users/sunlay/Desktop/ai_learn/literature_survey/run_survey.py --mode all --venues cvpr --years 2025 2024 2023 --workers 6 --batch-size 20 --classify-workers 2 --top-k-topics 12


CVPR 2025:   0%|          | 0/2871 [00:00<?, ?it/s]
CVPR 2025:   0%|          | 1/2871 [00:01<48:13,  1.01s/it]
CVPR 2025:   0%|          | 7/2871 [00:01<07:42,  6.20it/s]
CVPR 2025:   0%|          | 13/2871 [00:01<04:32, 10.50it/s]
CVPR 2025:   1%|          | 19/2871 [00:01<03:26, 13.82it/s]
CVPR 2025:   1%|          | 25/2871 [00:02<02:52, 16.48it/s]
CVPR 2025:   1%|          | 31/2871 [00:02<02:34, 18.44it/s]
CVPR 2025:   1%|▏         | 37/2871 [00:02<02:23, 19.78it/s]
CVPR 2025:   1%|▏         | 43/2871 [00:02<02:16, 20.76it/s]
CVPR 2025:   2%|▏         | 49/2871 [00:03<02:11, 21.46it/s]
CVPR 2025:   2%|▏         | 55/2871 [00:03<02:34, 18.23it/s]
CVPR 2025:   2%|▏         | 61/2871 [00:03<02:23, 19.58it/s]
CVPR 2025:   2%|▏         | 66/2871 [00:04<02:22, 19.71it/s]
CVPR 2025:   2%|▏         | 71/2871 [00:04<02:21, 19.82it/s]
CVPR 2025:   3%|▎         | 76/2871 [00:04<02:21, 19.81it/s]
CVPR 2025:   3%|▎         | 81/2871 [00:04<02:20, 19.87it/s]
CVPR 2025:   3%|▎         | 86/2871 [00:05<02:40, 17.34it/s]
CVPR 2025:   3%|▎         | 91/2871 [00:05<03:01, 15.32it/s]
CVPR 2025:   3%|▎         | 96/2871 [00:05<02:51, 16.18it/s]
CVPR 2025:   4%|▎         | 101/2871 [00:06<02:58, 15.55it/s]
CVPR 2025:   4%|▎         | 106/2871 [00:06<02:48, 16.38it/s]
CVPR 2025:   4%|▍         | 112/2871 [00:06<02:44, 16.79it/s]
CVPR 2025:   4%|▍         | 118/2871 [00:07<02:29, 18.45it/s]
CVPR 2025:   4%|▍         | 124/2871 [00:07<02:19, 19.63it/s]
CVPR 2025:   5%|▍         | 130/2871 [00:07<02:14, 20.43it/s]
CVPR 2025:   5%|▍         | 136/2871 [00:07<02:09, 21.17it/s]
CVPR 2025:   5%|▍         | 142/2871 [00:08<02:05, 21.83it/s]
CVPR 2025:   5%|▌         | 148/2871 [00:08<02:02, 22.23it/s]
CVPR 2025:   5%|▌         | 154/2871 [00:08<02:03, 21.94it/s]
CVPR 2025:   6%|▌         | 160/2871 [00:09<02:22, 19.01it/s]
CVPR 2025:   6%|▌         | 166/2871 [00:09<02:35, 17.43it/s]
CVPR 2025:   6%|▌         | 172/2871 [00:09<02:22, 18.97it/s]
CVPR 2025:   6%|▌         | 178/2871 [00:10<02:13, 20.20it/s]
CVPR 2025:   6%|▋         | 184/2871 [00:10<02:07, 21.11it/s]
CVPR 2025:   7%|▋         | 190/2871 [00:10<02:28, 18.04it/s]
CVPR 2025:   7%|▋         | 195/2871 [00:11<02:26, 18.26it/s]
CVPR 2025:   7%|▋         | 200/2871 [00:11<02:17, 19.38it/s]
CVPR 2025:   7%|▋         | 206/2871 [00:11<02:11, 20.33it/s]
CVPR 2025:   7%|▋         | 212/2871 [00:11<02:10, 20.31it/s]
CVPR 2025:   8%|▊         | 217/2871 [00:12<02:10, 20.27it/s]
CVPR 2025:   8%|▊         | 222/2871 [00:12<01:49, 24.28it/s]
CVPR 2025:   8%|▊         | 225/2871 [00:12<01:59, 22.17it/s]
CVPR 2025:   8%|▊         | 229/2871 [00:12<02:06, 20.85it/s]
CVPR 2025:   8%|▊         | 234/2871 [00:12<01:45, 25.07it/s]
CVPR 2025:   8%|▊         | 237/2871 [00:12<01:59, 22.06it/s]
CVPR 2025:   8%|▊         | 241/2871 [00:13<02:00, 21.74it/s]
CVPR 2025:   9%|▊         | 246/2871 [00:13<01:44, 25.15it/s]
CVPR 2025:   9%|▊         | 249/2871 [00:13<01:58, 22.20it/s]
CVPR 2025:   9%|▉         | 253/2871 [00:13<01:57, 22.37it/s]
CVPR 2025:   9%|▉         | 258/2871 [00:13<01:42, 25.42it/s]
CVPR 2025:   9%|▉         | 261/2871 [00:13<02:01, 21.55it/s]
CVPR 2025:   9%|▉         | 265/2871 [00:14<01:53, 22.90it/s]
CVPR 2025:   9%|▉         | 268/2871 [00:14<01:51, 23.27it/s]
CVPR 2025:   9%|▉         | 271/2871 [00:14<01:51, 23.27it/s]
CVPR 2025:  10%|▉         | 274/2871 [00:14<01:53, 22.81it/s]
CVPR 2025:  10%|▉         | 277/2871 [00:14<01:48, 23.85it/s]
CVPR 2025:  10%|▉         | 280/2871 [00:14<01:56, 22.30it/s]
CVPR 2025:  10%|▉         | 284/2871 [00:15<02:14, 19.21it/s]
CVPR 2025:  10%|█         | 290/2871 [00:15<02:07, 20.23it/s]
CVPR 2025:  10%|█         | 296/2871 [00:15<02:01, 21.16it/s]
CVPR 2025:  11%|█         | 302/2871 [00:15<02:00, 21.34it/s]
CVPR 2025:  11%|█         | 308/2871 [00:16<01:56, 21.94it/s]
CVPR 2025:  11%|█         | 314/2871 [00:16<01:55, 22.06it/s]
CVPR 2025:  11%|█         | 320/2871 [00:16<01:55, 22.16it/s]
CVPR 2025:  11%|█▏        | 326/2871 [00:16<01:52, 22.56it/s]
CVPR 2025:  12%|█▏        | 332/2871 [00:17<01:51, 22.72it/s]
CVPR 2025:  12%|█▏        | 338/2871 [00:17<01:50, 22.83it/s]
CVPR 2025:  12%|█▏        | 344/2871 [00:17<01:50, 22.89it/s]
CVPR 2025:  12%|█▏        | 350/2871 [00:17<01:57, 21.50it/s]
CVPR 2025:  12%|█▏        | 356/2871 [00:18<02:13, 18.86it/s]
CVPR 2025:  13%|█▎        | 362/2871 [00:18<02:05, 20.00it/s]
CVPR 2025:  13%|█▎        | 368/2871 [00:18<02:00, 20.78it/s]
CVPR 2025:  13%|█▎        | 374/2871 [00:19<01:56, 21.38it/s]
CVPR 2025:  13%|█▎        | 380/2871 [00:19<01:52, 22.15it/s]
CVPR 2025:  13%|█▎        | 386/2871 [00:19<02:07, 19.45it/s]
CVPR 2025:  14%|█▎        | 392/2871 [00:20<02:02, 20.17it/s]
CVPR 2025:  14%|█▍        | 398/2871 [00:20<01:57, 21.09it/s]
CVPR 2025:  14%|█▍        | 404/2871 [00:20<01:52, 21.86it/s]
CVPR 2025:  14%|█▍        | 410/2871 [00:20<01:49, 22.38it/s]
CVPR 2025:  14%|█▍        | 416/2871 [00:21<02:07, 19.26it/s]
CVPR 2025:  15%|█▍        | 422/2871 [00:21<02:18, 17.64it/s]
CVPR 2025:  15%|█▍        | 428/2871 [00:21<02:09, 18.89it/s]
CVPR 2025:  15%|█▌        | 434/2871 [00:22<02:03, 19.78it/s]
CVPR 2025:  15%|█▌        | 440/2871 [00:22<01:58, 20.45it/s]
CVPR 2025:  16%|█▌        | 446/2871 [00:22<02:14, 18.05it/s]
CVPR 2025:  16%|█▌        | 452/2871 [00:23<02:06, 19.12it/s]
CVPR 2025:  16%|█▌        | 458/2871 [00:23<01:59, 20.25it/s]
CVPR 2025:  16%|█▌        | 464/2871 [00:23<01:54, 21.09it/s]
CVPR 2025:  16%|█▋        | 470/2871 [00:23<01:50, 21.83it/s]
CVPR 2025:  17%|█▋        | 476/2871 [00:24<01:47, 22.37it/s]
CVPR 2025:  17%|█▋        | 482/2871 [00:24<01:46, 22.47it/s]
CVPR 2025:  17%|█▋        | 488/2871 [00:24<01:43, 22.92it/s]
CVPR 2025:  17%|█▋        | 494/2871 [00:24<01:42, 23.20it/s]
CVPR 2025:  17%|█▋        | 500/2871 [00:25<01:40, 23.50it/s]
CVPR 2025:  18%|█▊        | 503/2871 [00:25<01:37, 24.32it/s]
CVPR 2025:  18%|█▊        | 506/2871 [00:25<01:41, 23.38it/s]
CVPR 2025:  18%|█▊        | 509/2871 [00:25<01:40, 23.62it/s]
CVPR 2025:  18%|█▊        | 512/2871 [00:25<01:40, 23.57it/s]
CVPR 2025:  18%|█▊        | 515/2871 [00:25<01:42, 22.98it/s]
CVPR 2025:  18%|█▊        | 518/2871 [00:25<01:37, 24.09it/s]
CVPR 2025:  18%|█▊        | 521/2871 [00:26<01:45, 22.32it/s]
CVPR 2025:  18%|█▊        | 525/2871 [00:26<02:00, 19.53it/s]
CVPR 2025:  18%|█▊        | 531/2871 [00:26<01:53, 20.54it/s]
CVPR 2025:  19%|█▊        | 537/2871 [00:26<01:49, 21.32it/s]
CVPR 2025:  19%|█▉        | 543/2871 [00:27<01:47, 21.67it/s]
CVPR 2025:  19%|█▉        | 549/2871 [00:27<01:45, 21.95it/s]
CVPR 2025:  19%|█▉        | 555/2871 [00:27<02:07, 18.12it/s]
CVPR 2025:  20%|█▉        | 561/2871 [00:28<01:58, 19.55it/s]
CVPR 2025:  20%|█▉        | 567/2871 [00:28<01:52, 20.54it/s]
CVPR 2025:  20%|█▉        | 572/2871 [00:28<01:52, 20.41it/s]
CVPR 2025:  20%|██        | 577/2871 [00:29<02:12, 17.28it/s]
CVPR 2025:  20%|██        | 583/2871 [00:29<02:00, 19.00it/s]
CVPR 2025:  20%|██        | 588/2871 [00:29<01:59, 19.07it/s]
CVPR 2025:  21%|██        | 593/2871 [00:29<01:57, 19.40it/s]
CVPR 2025:  21%|██        | 597/2871 [00:30<02:03, 18.35it/s]
CVPR 2025:  21%|██        | 601/2871 [00:30<02:10, 17.39it/s]
CVPR 2025:  21%|██        | 606/2871 [00:30<02:05, 18.04it/s]
CVPR 2025:  21%|██        | 610/2871 [00:30<02:10, 17.38it/s]
CVPR 2025:  21%|██▏       | 615/2871 [00:31<02:05, 17.91it/s]
CVPR 2025:  22%|██▏       | 621/2871 [00:31<01:55, 19.55it/s]
CVPR 2025:  22%|██▏       | 627/2871 [00:31<01:49, 20.54it/s]
CVPR 2025:  22%|██▏       | 633/2871 [00:31<01:45, 21.28it/s]
CVPR 2025:  22%|██▏       | 639/2871 [00:32<01:42, 21.88it/s]
CVPR 2025:  22%|██▏       | 645/2871 [00:32<01:56, 19.18it/s]
CVPR 2025:  23%|██▎       | 651/2871 [00:32<02:05, 17.69it/s]
CVPR 2025:  23%|██▎       | 657/2871 [00:33<02:13, 16.62it/s]
CVPR 2025:  23%|██▎       | 663/2871 [00:33<02:02, 18.10it/s]
CVPR 2025:  23%|██▎       | 668/2871 [00:33<01:59, 18.40it/s]
CVPR 2025:  23%|██▎       | 673/2871 [00:34<01:57, 18.72it/s]
CVPR 2025:  24%|██▎       | 678/2871 [00:34<01:40, 21.91it/s]
CVPR 2025:  24%|██▎       | 681/2871 [00:34<01:44, 21.02it/s]
CVPR 2025:  24%|██▍       | 685/2871 [00:34<01:48, 20.22it/s]
CVPR 2025:  24%|██▍       | 690/2871 [00:34<01:32, 23.51it/s]
CVPR 2025:  24%|██▍       | 693/2871 [00:34<01:40, 21.62it/s]
CVPR 2025:  24%|██▍       | 696/2871 [00:35<01:49, 19.81it/s]
CVPR 2025:  24%|██▍       | 700/2871 [00:35<01:43, 21.06it/s]
CVPR 2025:  24%|██▍       | 703/2871 [00:35<01:48, 20.00it/s]
CVPR 2025:  25%|██▍       | 706/2871 [00:35<01:52, 19.32it/s]
CVPR 2025:  25%|██▍       | 711/2871 [00:35<01:40, 21.43it/s]
CVPR 2025:  25%|██▍       | 714/2871 [00:36<01:45, 20.41it/s]
CVPR 2025:  25%|██▌       | 718/2871 [00:36<01:39, 21.56it/s]
CVPR 2025:  25%|██▌       | 721/2871 [00:36<01:33, 23.09it/s]
CVPR 2025:  25%|██▌       | 724/2871 [00:36<01:36, 22.21it/s]
CVPR 2025:  25%|██▌       | 727/2871 [00:36<01:34, 22.79it/s]
CVPR 2025:  25%|██▌       | 730/2871 [00:36<01:33, 22.94it/s]
CVPR 2025:  26%|██▌       | 733/2871 [00:36<01:36, 22.26it/s]
CVPR 2025:  26%|██▌       | 736/2871 [00:36<01:31, 23.46it/s]
CVPR 2025:  26%|██▌       | 739/2871 [00:37<01:36, 22.06it/s]
CVPR 2025:  26%|██▌       | 743/2871 [00:37<01:52, 18.91it/s]
CVPR 2025:  26%|██▌       | 749/2871 [00:37<01:44, 20.28it/s]
CVPR 2025:  26%|██▋       | 755/2871 [00:37<01:40, 21.08it/s]
CVPR 2025:  27%|██▋       | 761/2871 [00:38<01:38, 21.46it/s]
CVPR 2025:  27%|██▋       | 767/2871 [00:38<01:40, 21.00it/s]
CVPR 2025:  27%|██▋       | 773/2871 [00:38<01:38, 21.38it/s]
CVPR 2025:  27%|██▋       | 779/2871 [00:39<01:45, 19.92it/s]
CVPR 2025:  27%|██▋       | 785/2871 [00:39<01:55, 18.01it/s]
CVPR 2025:  28%|██▊       | 791/2871 [00:39<02:04, 16.69it/s]
CVPR 2025:  28%|██▊       | 797/2871 [00:40<01:53, 18.30it/s]
CVPR 2025:  28%|██▊       | 803/2871 [00:40<01:46, 19.45it/s]
CVPR 2025:  28%|██▊       | 809/2871 [00:40<01:41, 20.33it/s]
CVPR 2025:  28%|██▊       | 815/2871 [00:40<01:37, 20.99it/s]
CVPR 2025:  29%|██▊       | 821/2871 [00:41<01:48, 18.84it/s]
CVPR 2025:  29%|██▉       | 827/2871 [00:41<01:41, 20.07it/s]
CVPR 2025:  29%|██▉       | 833/2871 [00:41<01:46, 19.10it/s]
CVPR 2025:  29%|██▉       | 839/2871 [00:42<01:55, 17.52it/s]
CVPR 2025:  29%|██▉       | 845/2871 [00:42<02:02, 16.60it/s]
CVPR 2025:  30%|██▉       | 851/2871 [00:43<02:06, 15.91it/s]
CVPR 2025:  30%|██▉       | 857/2871 [00:43<01:56, 17.36it/s]
CVPR 2025:  30%|███       | 863/2871 [00:43<01:50, 18.16it/s]
CVPR 2025:  30%|███       | 869/2871 [00:44<02:04, 16.10it/s]
CVPR 2025:  30%|███       | 875/2871 [00:44<01:53, 17.65it/s]
CVPR 2025:  31%|███       | 881/2871 [00:44<01:47, 18.53it/s]
CVPR 2025:  31%|███       | 887/2871 [00:45<02:01, 16.38it/s]
CVPR 2025:  31%|███       | 893/2871 [00:45<02:04, 15.85it/s]
CVPR 2025:  31%|███▏      | 899/2871 [00:45<01:53, 17.34it/s]
CVPR 2025:  32%|███▏      | 905/2871 [00:46<01:52, 17.41it/s]
CVPR 2025:  32%|███▏      | 911/2871 [00:46<01:59, 16.36it/s]
CVPR 2025:  32%|███▏      | 917/2871 [00:47<02:02, 15.94it/s]
CVPR 2025:  32%|███▏      | 923/2871 [00:47<01:55, 16.87it/s]
CVPR 2025:  32%|███▏      | 929/2871 [00:47<01:46, 18.23it/s]
CVPR 2025:  33%|███▎      | 935/2871 [00:47<01:41, 19.16it/s]
CVPR 2025:  33%|███▎      | 941/2871 [00:48<01:36, 19.96it/s]
CVPR 2025:  33%|███▎      | 947/2871 [00:48<01:33, 20.67it/s]
CVPR 2025:  33%|███▎      | 953/2871 [00:48<01:30, 21.16it/s]
CVPR 2025:  33%|███▎      | 959/2871 [00:48<01:28, 21.49it/s]
CVPR 2025:  34%|███▎      | 965/2871 [00:49<01:34, 20.18it/s]
CVPR 2025:  34%|███▍      | 971/2871 [00:49<01:44, 18.15it/s]
CVPR 2025:  34%|███▍      | 977/2871 [00:49<01:37, 19.42it/s]
CVPR 2025:  34%|███▍      | 983/2871 [00:50<01:32, 20.36it/s]
CVPR 2025:  34%|███▍      | 989/2871 [00:50<01:28, 21.29it/s]
CVPR 2025:  35%|███▍      | 995/2871 [00:50<01:25, 21.85it/s]
CVPR 2025:  35%|███▍      | 1001/2871 [00:51<01:23, 22.32it/s]
CVPR 2025:  35%|███▌      | 1007/2871 [00:51<01:22, 22.57it/s]
CVPR 2025:  35%|███▌      | 1013/2871 [00:51<01:21, 22.72it/s]
CVPR 2025:  35%|███▌      | 1019/2871 [00:51<01:21, 22.81it/s]
CVPR 2025:  36%|███▌      | 1025/2871 [00:52<01:20, 22.92it/s]
CVPR 2025:  36%|███▌      | 1031/2871 [00:52<01:20, 22.99it/s]
CVPR 2025:  36%|███▌      | 1037/2871 [00:52<01:19, 23.07it/s]
CVPR 2025:  36%|███▋      | 1042/2871 [00:52<01:08, 26.73it/s]
CVPR 2025:  36%|███▋      | 1046/2871 [00:52<01:20, 22.78it/s]
CVPR 2025:  37%|███▋      | 1049/2871 [00:53<01:22, 22.03it/s]
CVPR 2025:  37%|███▋      | 1052/2871 [00:53<01:21, 22.41it/s]
CVPR 2025:  37%|███▋      | 1055/2871 [00:53<01:21, 22.37it/s]
CVPR 2025:  37%|███▋      | 1058/2871 [00:53<01:40, 17.96it/s]
CVPR 2025:  37%|███▋      | 1063/2871 [00:54<02:00, 15.06it/s]
CVPR 2025:  37%|███▋      | 1069/2871 [00:54<01:42, 17.54it/s]
CVPR 2025:  37%|███▋      | 1075/2871 [00:54<01:34, 19.10it/s]
CVPR 2025:  38%|███▊      | 1081/2871 [00:54<01:29, 20.05it/s]
CVPR 2025:  38%|███▊      | 1087/2871 [00:55<01:24, 21.01it/s]
CVPR 2025:  38%|███▊      | 1093/2871 [00:55<01:22, 21.66it/s]
CVPR 2025:  38%|███▊      | 1099/2871 [00:55<01:19, 22.15it/s]
CVPR 2025:  38%|███▊      | 1105/2871 [00:55<01:18, 22.54it/s]
CVPR 2025:  39%|███▊      | 1111/2871 [00:56<01:17, 22.82it/s]
CVPR 2025:  39%|███▉      | 1117/2871 [00:56<01:15, 23.08it/s]
CVPR 2025:  39%|███▉      | 1123/2871 [00:56<01:15, 23.12it/s]
CVPR 2025:  39%|███▉      | 1129/2871 [00:56<01:14, 23.26it/s]
CVPR 2025:  40%|███▉      | 1135/2871 [00:57<01:14, 23.25it/s]
CVPR 2025:  40%|███▉      | 1141/2871 [00:57<01:14, 23.26it/s]
CVPR 2025:  40%|███▉      | 1144/2871 [00:57<01:12, 23.73it/s]
CVPR 2025:  40%|███▉      | 1147/2871 [00:57<01:29, 19.29it/s]
CVPR 2025:  40%|████      | 1150/2871 [00:57<01:32, 18.64it/s]
CVPR 2025:  40%|████      | 1153/2871 [00:58<01:36, 17.74it/s]
CVPR 2025:  40%|████      | 1155/2871 [00:58<01:44, 16.36it/s]
CVPR 2025:  40%|████      | 1158/2871 [00:58<01:41, 16.93it/s]
CVPR 2025:  40%|████      | 1160/2871 [00:58<01:39, 17.19it/s]
CVPR 2025:  40%|████      | 1162/2871 [00:58<01:45, 16.24it/s]
CVPR 2025:  41%|████      | 1164/2871 [00:58<01:45, 16.18it/s]
CVPR 2025:  41%|████      | 1166/2871 [00:59<02:24, 11.83it/s]
CVPR 2025:  41%|████      | 1168/2871 [00:59<02:44, 10.37it/s]
CVPR 2025:  41%|████      | 1172/2871 [00:59<02:20, 12.10it/s]
CVPR 2025:  41%|████      | 1176/2871 [00:59<02:09, 13.12it/s]
CVPR 2025:  41%|████      | 1180/2871 [01:00<01:58, 14.27it/s]
CVPR 2025:  41%|████▏     | 1186/2871 [01:00<01:37, 17.28it/s]
CVPR 2025:  42%|████▏     | 1192/2871 [01:00<01:27, 19.19it/s]
CVPR 2025:  42%|████▏     | 1196/2871 [01:00<01:33, 17.94it/s]
CVPR 2025:  42%|████▏     | 1200/2871 [01:01<01:36, 17.35it/s]
CVPR 2025:  42%|████▏     | 1206/2871 [01:01<01:26, 19.16it/s]
CVPR 2025:  42%|████▏     | 1212/2871 [01:01<01:21, 20.45it/s]
CVPR 2025:  42%|████▏     | 1218/2871 [01:01<01:17, 21.39it/s]
CVPR 2025:  43%|████▎     | 1223/2871 [01:02<01:04, 25.48it/s]
CVPR 2025:  43%|████▎     | 1226/2871 [01:02<01:10, 23.45it/s]
CVPR 2025:  43%|████▎     | 1230/2871 [01:02<01:17, 21.13it/s]
CVPR 2025:  43%|████▎     | 1235/2871 [01:02<01:05, 25.09it/s]
CVPR 2025:  43%|████▎     | 1238/2871 [01:02<01:09, 23.61it/s]
CVPR 2025:  43%|████▎     | 1241/2871 [01:02<01:06, 24.44it/s]
CVPR 2025:  43%|████▎     | 1244/2871 [01:02<01:10, 23.13it/s]
CVPR 2025:  43%|████▎     | 1247/2871 [01:03<01:07, 23.95it/s]
CVPR 2025:  44%|████▎     | 1250/2871 [01:03<01:10, 23.05it/s]
CVPR 2025:  44%|████▎     | 1253/2871 [01:03<01:08, 23.57it/s]
CVPR 2025:  44%|████▎     | 1256/2871 [01:03<01:09, 23.10it/s]
CVPR 2025:  44%|████▍     | 1259/2871 [01:03<01:09, 23.05it/s]
CVPR 2025:  44%|████▍     | 1262/2871 [01:03<01:10, 22.97it/s]
CVPR 2025:  44%|████▍     | 1265/2871 [01:03<01:10, 22.84it/s]
CVPR 2025:  44%|████▍     | 1268/2871 [01:04<01:08, 23.47it/s]
CVPR 2025:  44%|████▍     | 1271/2871 [01:04<01:12, 21.99it/s]
CVPR 2025:  44%|████▍     | 1274/2871 [01:04<01:07, 23.65it/s]
CVPR 2025:  44%|████▍     | 1277/2871 [01:04<01:12, 21.94it/s]
CVPR 2025:  45%|████▍     | 1280/2871 [01:04<01:07, 23.41it/s]
CVPR 2025:  45%|████▍     | 1283/2871 [01:04<01:12, 21.86it/s]
CVPR 2025:  45%|████▍     | 1287/2871 [01:04<01:00, 26.16it/s]
CVPR 2025:  45%|████▍     | 1290/2871 [01:05<01:13, 21.40it/s]
CVPR 2025:  45%|████▌     | 1295/2871 [01:05<01:15, 20.74it/s]
CVPR 2025:  45%|████▌     | 1300/2871 [01:05<01:17, 20.22it/s]
CVPR 2025:  45%|████▌     | 1305/2871 [01:05<01:14, 21.15it/s]
CVPR 2025:  46%|████▌     | 1308/2871 [01:05<01:09, 22.59it/s]
CVPR 2025:  46%|████▌     | 1311/2871 [01:06<01:16, 20.50it/s]
CVPR 2025:  46%|████▌     | 1315/2871 [01:06<01:20, 19.27it/s]
CVPR 2025:  46%|████▌     | 1320/2871 [01:06<01:04, 24.02it/s]
CVPR 2025:  46%|████▌     | 1323/2871 [01:06<01:07, 22.83it/s]
CVPR 2025:  46%|████▌     | 1326/2871 [01:06<01:04, 24.11it/s]
CVPR 2025:  46%|████▋     | 1329/2871 [01:06<01:08, 22.39it/s]
CVPR 2025:  46%|████▋     | 1333/2871 [01:07<01:19, 19.44it/s]
CVPR 2025:  47%|████▋     | 1339/2871 [01:07<01:12, 21.00it/s]
CVPR 2025:  47%|████▋     | 1345/2871 [01:07<01:10, 21.73it/s]
CVPR 2025:  47%|████▋     | 1351/2871 [01:07<01:08, 22.15it/s]
CVPR 2025:  47%|████▋     | 1356/2871 [01:07<00:57, 26.46it/s]
CVPR 2025:  47%|████▋     | 1360/2871 [01:08<00:58, 25.76it/s]
CVPR 2025:  47%|████▋     | 1363/2871 [01:08<01:12, 20.85it/s]
CVPR 2025:  48%|████▊     | 1367/2871 [01:08<01:03, 23.85it/s]
CVPR 2025:  48%|████▊     | 1370/2871 [01:08<01:06, 22.67it/s]
CVPR 2025:  48%|████▊     | 1373/2871 [01:08<01:03, 23.68it/s]
CVPR 2025:  48%|████▊     | 1376/2871 [01:08<01:07, 22.30it/s]
CVPR 2025:  48%|████▊     | 1379/2871 [01:08<01:03, 23.56it/s]
CVPR 2025:  48%|████▊     | 1382/2871 [01:09<01:11, 20.86it/s]
CVPR 2025:  48%|████▊     | 1387/2871 [01:09<01:31, 16.27it/s]
CVPR 2025:  49%|████▊     | 1393/2871 [01:09<01:21, 18.21it/s]
CVPR 2025:  49%|████▊     | 1399/2871 [01:10<01:15, 19.53it/s]
CVPR 2025:  49%|████▉     | 1405/2871 [01:10<01:11, 20.62it/s]
CVPR 2025:  49%|████▉     | 1411/2871 [01:10<01:09, 21.13it/s]
CVPR 2025:  49%|████▉     | 1417/2871 [01:10<01:07, 21.58it/s]
CVPR 2025:  50%|████▉     | 1423/2871 [01:11<01:06, 21.82it/s]
CVPR 2025:  50%|████▉     | 1429/2871 [01:11<01:06, 21.80it/s]
CVPR 2025:  50%|████▉     | 1435/2871 [01:11<01:05, 21.81it/s]
CVPR 2025:  50%|█████     | 1441/2871 [01:11<01:04, 22.04it/s]
CVPR 2025:  50%|█████     | 1447/2871 [01:12<01:04, 22.14it/s]
CVPR 2025:  51%|█████     | 1453/2871 [01:12<01:04, 21.97it/s]
CVPR 2025:  51%|█████     | 1459/2871 [01:12<01:03, 22.14it/s]
CVPR 2025:  51%|█████     | 1465/2871 [01:13<01:03, 22.06it/s]
CVPR 2025:  51%|█████     | 1471/2871 [01:13<01:11, 19.47it/s]
CVPR 2025:  51%|█████▏    | 1477/2871 [01:13<01:09, 20.19it/s]
CVPR 2025:  52%|█████▏    | 1483/2871 [01:14<01:07, 20.69it/s]
CVPR 2025:  52%|█████▏    | 1489/2871 [01:14<01:05, 21.20it/s]
CVPR 2025:  52%|█████▏    | 1495/2871 [01:14<01:03, 21.60it/s]
CVPR 2025:  52%|█████▏    | 1501/2871 [01:14<01:08, 19.99it/s]
CVPR 2025:  52%|█████▏    | 1507/2871 [01:15<01:05, 20.68it/s]
CVPR 2025:  53%|█████▎    | 1513/2871 [01:15<01:04, 21.15it/s]
CVPR 2025:  53%|█████▎    | 1519/2871 [01:15<01:04, 21.12it/s]
CVPR 2025:  53%|█████▎    | 1525/2871 [01:15<01:02, 21.60it/s]
CVPR 2025:  53%|█████▎    | 1530/2871 [01:16<00:58, 22.97it/s]
CVPR 2025:  54%|█████▎    | 1536/2871 [01:16<00:58, 22.98it/s]
CVPR 2025:  54%|█████▎    | 1542/2871 [01:16<00:58, 22.89it/s]
CVPR 2025:  54%|█████▍    | 1548/2871 [01:17<01:11, 18.60it/s]
CVPR 2025:  54%|█████▍    | 1554/2871 [01:17<01:16, 17.25it/s]
CVPR 2025:  54%|█████▍    | 1560/2871 [01:17<01:20, 16.29it/s]
CVPR 2025:  55%|█████▍    | 1566/2871 [01:18<01:13, 17.81it/s]
CVPR 2025:  55%|█████▍    | 1572/2871 [01:18<01:08, 19.01it/s]
CVPR 2025:  55%|█████▍    | 1578/2871 [01:18<01:05, 19.69it/s]
CVPR 2025:  55%|█████▌    | 1584/2871 [01:19<01:13, 17.53it/s]
CVPR 2025:  55%|█████▌    | 1590/2871 [01:19<01:07, 19.05it/s]
CVPR 2025:  56%|█████▌    | 1596/2871 [01:19<01:04, 19.83it/s]
CVPR 2025:  56%|█████▌    | 1602/2871 [01:20<01:02, 20.16it/s]
CVPR 2025:  56%|█████▌    | 1608/2871 [01:20<01:00, 20.89it/s]
CVPR 2025:  56%|█████▌    | 1614/2871 [01:20<01:03, 19.67it/s]
CVPR 2025:  56%|█████▋    | 1620/2871 [01:20<01:01, 20.38it/s]
CVPR 2025:  57%|█████▋    | 1626/2871 [01:21<01:04, 19.20it/s]
CVPR 2025:  57%|█████▋    | 1632/2871 [01:21<01:01, 20.06it/s]
CVPR 2025:  57%|█████▋    | 1638/2871 [01:21<01:04, 19.23it/s]
CVPR 2025:  57%|█████▋    | 1643/2871 [01:22<00:59, 20.54it/s]
CVPR 2025:  57%|█████▋    | 1649/2871 [01:22<00:57, 21.34it/s]
CVPR 2025:  58%|█████▊    | 1655/2871 [01:22<00:55, 21.83it/s]
CVPR 2025:  58%|█████▊    | 1661/2871 [01:22<00:57, 21.17it/s]
CVPR 2025:  58%|█████▊    | 1667/2871 [01:23<01:04, 18.63it/s]
CVPR 2025:  58%|█████▊    | 1673/2871 [01:23<01:01, 19.34it/s]
CVPR 2025:  58%|█████▊    | 1679/2871 [01:23<00:58, 20.37it/s]
CVPR 2025:  59%|█████▊    | 1685/2871 [01:24<00:56, 20.81it/s]
CVPR 2025:  59%|█████▉    | 1691/2871 [01:24<00:54, 21.47it/s]
CVPR 2025:  59%|█████▉    | 1697/2871 [01:24<00:59, 19.83it/s]
CVPR 2025:  59%|█████▉    | 1703/2871 [01:24<00:56, 20.57it/s]
CVPR 2025:  60%|█████▉    | 1709/2871 [01:25<00:55, 21.12it/s]
CVPR 2025:  60%|█████▉    | 1715/2871 [01:25<00:55, 20.87it/s]
CVPR 2025:  60%|█████▉    | 1721/2871 [01:25<00:53, 21.44it/s]
CVPR 2025:  60%|██████    | 1727/2871 [01:26<00:57, 19.96it/s]
CVPR 2025:  60%|██████    | 1733/2871 [01:26<00:54, 20.76it/s]
CVPR 2025:  61%|██████    | 1739/2871 [01:26<00:58, 19.47it/s]
CVPR 2025:  61%|██████    | 1745/2871 [01:27<01:03, 17.76it/s]
CVPR 2025:  61%|██████    | 1751/2871 [01:27<01:06, 16.72it/s]
CVPR 2025:  61%|██████    | 1757/2871 [01:28<01:09, 15.96it/s]
CVPR 2025:  61%|██████▏   | 1763/2871 [01:28<01:03, 17.41it/s]
CVPR 2025:  62%|██████▏   | 1769/2871 [01:28<00:59, 18.67it/s]
CVPR 2025:  62%|██████▏   | 1775/2871 [01:29<01:07, 16.15it/s]
CVPR 2025:  62%|██████▏   | 1778/2871 [01:29<01:21, 13.36it/s]
CVPR 2025:  62%|██████▏   | 1781/2871 [01:29<01:24, 12.92it/s]
CVPR 2025:  62%|██████▏   | 1786/2871 [01:29<01:03, 16.96it/s]
CVPR 2025:  62%|██████▏   | 1789/2871 [01:29<01:03, 16.93it/s]
CVPR 2025:  62%|██████▏   | 1793/2871 [01:30<01:05, 16.43it/s]
CVPR 2025:  63%|██████▎   | 1798/2871 [01:30<01:02, 17.24it/s]
CVPR 2025:  63%|██████▎   | 1802/2871 [01:30<01:02, 17.11it/s]
CVPR 2025:  63%|██████▎   | 1806/2871 [01:30<00:52, 20.40it/s]
CVPR 2025:  63%|██████▎   | 1809/2871 [01:31<00:55, 19.27it/s]
CVPR 2025:  63%|██████▎   | 1813/2871 [01:31<00:56, 18.66it/s]
CVPR 2025:  63%|██████▎   | 1818/2871 [01:31<00:44, 23.58it/s]
CVPR 2025:  63%|██████▎   | 1821/2871 [01:31<00:51, 20.36it/s]
CVPR 2025:  64%|██████▎   | 1825/2871 [01:31<00:50, 20.61it/s]
CVPR 2025:  64%|██████▎   | 1830/2871 [01:31<00:41, 25.06it/s]
CVPR 2025:  64%|██████▍   | 1833/2871 [01:32<00:48, 21.33it/s]
CVPR 2025:  64%|██████▍   | 1837/2871 [01:32<00:48, 21.41it/s]
CVPR 2025:  64%|██████▍   | 1842/2871 [01:32<00:41, 25.03it/s]
CVPR 2025:  64%|██████▍   | 1845/2871 [01:32<00:46, 22.18it/s]
CVPR 2025:  64%|██████▍   | 1849/2871 [01:32<00:46, 21.99it/s]
CVPR 2025:  65%|██████▍   | 1854/2871 [01:32<00:41, 24.63it/s]
CVPR 2025:  65%|██████▍   | 1857/2871 [01:33<00:44, 23.03it/s]
CVPR 2025:  65%|██████▍   | 1860/2871 [01:33<00:41, 24.10it/s]
CVPR 2025:  65%|██████▍   | 1863/2871 [01:33<00:43, 22.95it/s]
CVPR 2025:  65%|██████▍   | 1866/2871 [01:33<00:42, 23.66it/s]
CVPR 2025:  65%|██████▌   | 1869/2871 [01:33<00:44, 22.53it/s]
CVPR 2025:  65%|██████▌   | 1872/2871 [01:33<00:42, 23.61it/s]
CVPR 2025:  65%|██████▌   | 1875/2871 [01:33<00:43, 22.86it/s]
CVPR 2025:  65%|██████▌   | 1878/2871 [01:34<00:42, 23.10it/s]
CVPR 2025:  66%|██████▌   | 1881/2871 [01:34<00:43, 22.72it/s]
CVPR 2025:  66%|██████▌   | 1884/2871 [01:34<00:44, 22.38it/s]
CVPR 2025:  66%|██████▌   | 1887/2871 [01:34<00:42, 22.91it/s]
CVPR 2025:  66%|██████▌   | 1890/2871 [01:34<00:43, 22.49it/s]
CVPR 2025:  66%|██████▌   | 1893/2871 [01:34<00:43, 22.46it/s]
CVPR 2025:  66%|██████▌   | 1896/2871 [01:34<00:43, 22.49it/s]
CVPR 2025:  66%|██████▌   | 1899/2871 [01:34<00:42, 22.75it/s]
CVPR 2025:  66%|██████▌   | 1902/2871 [01:35<00:51, 18.85it/s]
CVPR 2025:  66%|██████▋   | 1906/2871 [01:35<00:55, 17.41it/s]
CVPR 2025:  67%|██████▋   | 1912/2871 [01:35<00:55, 17.30it/s]
CVPR 2025:  67%|██████▋   | 1918/2871 [01:36<00:50, 18.93it/s]
CVPR 2025:  67%|██████▋   | 1924/2871 [01:36<00:47, 19.81it/s]
CVPR 2025:  67%|██████▋   | 1930/2871 [01:36<00:57, 16.44it/s]
CVPR 2025:  67%|██████▋   | 1936/2871 [01:37<00:58, 15.87it/s]
CVPR 2025:  68%|██████▊   | 1942/2871 [01:37<00:53, 17.48it/s]
CVPR 2025:  68%|██████▊   | 1948/2871 [01:37<00:48, 18.94it/s]
CVPR 2025:  68%|██████▊   | 1954/2871 [01:38<00:45, 20.13it/s]
CVPR 2025:  68%|██████▊   | 1960/2871 [01:38<00:43, 21.03it/s]
CVPR 2025:  68%|██████▊   | 1966/2871 [01:38<00:41, 21.70it/s]
CVPR 2025:  69%|██████▊   | 1972/2871 [01:38<00:40, 22.26it/s]
CVPR 2025:  69%|██████▉   | 1978/2871 [01:39<00:39, 22.40it/s]
CVPR 2025:  69%|██████▉   | 1984/2871 [01:39<00:38, 22.79it/s]
CVPR 2025:  69%|██████▉   | 1990/2871 [01:39<00:38, 22.78it/s]
CVPR 2025:  70%|██████▉   | 1996/2871 [01:39<00:38, 22.86it/s]
CVPR 2025:  70%|██████▉   | 2002/2871 [01:40<00:37, 23.12it/s]
CVPR 2025:  70%|██████▉   | 2008/2871 [01:40<00:37, 23.26it/s]
CVPR 2025:  70%|███████   | 2014/2871 [01:40<00:36, 23.31it/s]
CVPR 2025:  70%|███████   | 2020/2871 [01:40<00:36, 23.44it/s]
CVPR 2025:  71%|███████   | 2026/2871 [01:41<00:35, 23.50it/s]
CVPR 2025:  71%|███████   | 2032/2871 [01:41<00:35, 23.43it/s]
CVPR 2025:  71%|███████   | 2038/2871 [01:41<00:35, 23.35it/s]
CVPR 2025:  71%|███████   | 2044/2871 [01:41<00:35, 23.15it/s]
CVPR 2025:  71%|███████▏  | 2050/2871 [01:42<00:35, 23.25it/s]
CVPR 2025:  72%|███████▏  | 2055/2871 [01:42<00:30, 26.90it/s]
CVPR 2025:  72%|███████▏  | 2059/2871 [01:42<00:31, 25.84it/s]
CVPR 2025:  72%|███████▏  | 2062/2871 [01:42<00:38, 21.07it/s]
CVPR 2025:  72%|███████▏  | 2067/2871 [01:42<00:31, 25.73it/s]
CVPR 2025:  72%|███████▏  | 2071/2871 [01:42<00:31, 25.22it/s]
CVPR 2025:  72%|███████▏  | 2074/2871 [01:43<00:39, 20.08it/s]
CVPR 2025:  72%|███████▏  | 2079/2871 [01:43<00:31, 24.94it/s]
CVPR 2025:  73%|███████▎  | 2083/2871 [01:43<00:32, 24.49it/s]
CVPR 2025:  73%|███████▎  | 2086/2871 [01:43<00:40, 19.44it/s]
CVPR 2025:  73%|███████▎  | 2091/2871 [01:43<00:31, 24.65it/s]
CVPR 2025:  73%|███████▎  | 2095/2871 [01:44<00:32, 23.98it/s]
CVPR 2025:  73%|███████▎  | 2098/2871 [01:44<00:40, 19.30it/s]
CVPR 2025:  73%|███████▎  | 2103/2871 [01:44<00:33, 23.23it/s]
CVPR 2025:  73%|███████▎  | 2106/2871 [01:44<00:33, 23.06it/s]
CVPR 2025:  73%|███████▎  | 2109/2871 [01:44<00:33, 22.80it/s]
CVPR 2025:  74%|███████▎  | 2112/2871 [01:44<00:32, 23.11it/s]
CVPR 2025:  74%|███████▎  | 2115/2871 [01:44<00:33, 22.70it/s]
CVPR 2025:  74%|███████▍  | 2118/2871 [01:45<00:32, 23.08it/s]
CVPR 2025:  74%|███████▍  | 2121/2871 [01:45<00:33, 22.35it/s]
CVPR 2025:  74%|███████▍  | 2124/2871 [01:45<00:32, 23.15it/s]
CVPR 2025:  74%|███████▍  | 2127/2871 [01:45<00:33, 22.17it/s]
CVPR 2025:  74%|███████▍  | 2130/2871 [01:45<00:32, 23.03it/s]
CVPR 2025:  74%|███████▍  | 2133/2871 [01:45<00:33, 22.31it/s]
CVPR 2025:  74%|███████▍  | 2136/2871 [01:45<00:32, 22.70it/s]
CVPR 2025:  75%|███████▍  | 2139/2871 [01:45<00:32, 22.33it/s]
CVPR 2025:  75%|███████▍  | 2142/2871 [01:46<00:32, 22.73it/s]
CVPR 2025:  75%|███████▍  | 2145/2871 [01:46<00:32, 22.14it/s]
CVPR 2025:  75%|███████▍  | 2148/2871 [01:46<00:32, 22.55it/s]
CVPR 2025:  75%|███████▍  | 2151/2871 [01:46<00:32, 22.05it/s]
CVPR 2025:  75%|███████▌  | 2154/2871 [01:46<00:31, 22.89it/s]
CVPR 2025:  75%|███████▌  | 2157/2871 [01:46<00:36, 19.60it/s]
CVPR 2025:  75%|███████▌  | 2163/2871 [01:47<00:34, 20.71it/s]
CVPR 2025:  76%|███████▌  | 2169/2871 [01:47<00:32, 21.47it/s]
CVPR 2025:  76%|███████▌  | 2175/2871 [01:47<00:32, 21.72it/s]
CVPR 2025:  76%|███████▌  | 2181/2871 [01:47<00:31, 22.06it/s]
CVPR 2025:  76%|███████▌  | 2187/2871 [01:48<00:34, 19.91it/s]
CVPR 2025:  76%|███████▋  | 2193/2871 [01:48<00:32, 20.60it/s]
CVPR 2025:  77%|███████▋  | 2199/2871 [01:48<00:32, 20.99it/s]
CVPR 2025:  77%|███████▋  | 2205/2871 [01:49<00:31, 21.18it/s]
CVPR 2025:  77%|███████▋  | 2211/2871 [01:49<00:30, 21.62it/s]
CVPR 2025:  77%|███████▋  | 2217/2871 [01:49<00:29, 21.82it/s]
CVPR 2025:  77%|███████▋  | 2223/2871 [01:50<00:36, 17.59it/s]
CVPR 2025:  78%|███████▊  | 2229/2871 [01:50<00:33, 18.95it/s]
CVPR 2025:  78%|███████▊  | 2235/2871 [01:50<00:32, 19.79it/s]
CVPR 2025:  78%|███████▊  | 2241/2871 [01:50<00:31, 20.27it/s]
CVPR 2025:  78%|███████▊  | 2247/2871 [01:51<00:30, 20.79it/s]
CVPR 2025:  78%|███████▊  | 2253/2871 [01:51<00:32, 19.28it/s]
CVPR 2025:  79%|███████▊  | 2259/2871 [01:51<00:30, 20.25it/s]
CVPR 2025:  79%|███████▉  | 2265/2871 [01:52<00:29, 20.76it/s]
CVPR 2025:  79%|███████▉  | 2271/2871 [01:52<00:28, 21.34it/s]
CVPR 2025:  79%|███████▉  | 2277/2871 [01:52<00:31, 18.60it/s]
CVPR 2025:  80%|███████▉  | 2283/2871 [01:53<00:30, 19.31it/s]
CVPR 2025:  80%|███████▉  | 2289/2871 [01:53<00:28, 20.27it/s]
CVPR 2025:  80%|███████▉  | 2295/2871 [01:53<00:27, 21.17it/s]
CVPR 2025:  80%|████████  | 2301/2871 [01:53<00:26, 21.90it/s]
CVPR 2025:  80%|████████  | 2307/2871 [01:54<00:25, 22.45it/s]
CVPR 2025:  81%|████████  | 2313/2871 [01:54<00:24, 22.66it/s]
CVPR 2025:  81%|████████  | 2319/2871 [01:54<00:24, 23.00it/s]
CVPR 2025:  81%|████████  | 2325/2871 [01:54<00:23, 23.16it/s]
CVPR 2025:  81%|████████  | 2331/2871 [01:55<00:23, 23.24it/s]
CVPR 2025:  81%|████████▏ | 2337/2871 [01:55<00:22, 23.30it/s]
CVPR 2025:  82%|████████▏ | 2343/2871 [01:55<00:22, 23.35it/s]
CVPR 2025:  82%|████████▏ | 2349/2871 [01:55<00:22, 23.07it/s]
CVPR 2025:  82%|████████▏ | 2355/2871 [01:56<00:22, 23.26it/s]
CVPR 2025:  82%|████████▏ | 2361/2871 [01:56<00:22, 23.17it/s]
CVPR 2025:  82%|████████▏ | 2367/2871 [01:56<00:21, 23.37it/s]
CVPR 2025:  83%|████████▎ | 2373/2871 [01:56<00:21, 23.26it/s]
CVPR 2025:  83%|████████▎ | 2379/2871 [01:57<00:21, 23.16it/s]
CVPR 2025:  83%|████████▎ | 2383/2871 [01:57<00:23, 20.78it/s]
CVPR 2025:  83%|████████▎ | 2387/2871 [01:57<00:25, 19.05it/s]
CVPR 2025:  83%|████████▎ | 2392/2871 [01:57<00:24, 19.27it/s]
CVPR 2025:  83%|████████▎ | 2397/2871 [01:58<00:24, 18.97it/s]
CVPR 2025:  84%|████████▎ | 2402/2871 [01:58<00:24, 19.23it/s]
CVPR 2025:  84%|████████▍ | 2406/2871 [01:58<00:24, 18.89it/s]
CVPR 2025:  84%|████████▍ | 2410/2871 [01:58<00:21, 21.33it/s]
CVPR 2025:  84%|████████▍ | 2413/2871 [01:58<00:21, 20.97it/s]
CVPR 2025:  84%|████████▍ | 2416/2871 [01:59<00:20, 22.29it/s]
CVPR 2025:  84%|████████▍ | 2419/2871 [01:59<00:20, 22.19it/s]
CVPR 2025:  84%|████████▍ | 2422/2871 [01:59<00:20, 22.44it/s]
CVPR 2025:  84%|████████▍ | 2425/2871 [01:59<00:19, 22.97it/s]
CVPR 2025:  85%|████████▍ | 2428/2871 [01:59<00:19, 22.41it/s]
CVPR 2025:  85%|████████▍ | 2431/2871 [01:59<00:19, 23.03it/s]
CVPR 2025:  85%|████████▍ | 2434/2871 [01:59<00:19, 22.67it/s]
CVPR 2025:  85%|████████▍ | 2437/2871 [02:00<00:18, 23.37it/s]
CVPR 2025:  85%|████████▍ | 2440/2871 [02:00<00:19, 22.55it/s]
CVPR 2025:  85%|████████▌ | 2443/2871 [02:00<00:18, 23.43it/s]
CVPR 2025:  85%|████████▌ | 2446/2871 [02:00<00:18, 22.71it/s]
CVPR 2025:  85%|████████▌ | 2449/2871 [02:00<00:18, 23.44it/s]
CVPR 2025:  85%|████████▌ | 2452/2871 [02:00<00:18, 22.67it/s]
CVPR 2025:  86%|████████▌ | 2455/2871 [02:00<00:17, 23.64it/s]
CVPR 2025:  86%|████████▌ | 2458/2871 [02:00<00:18, 22.47it/s]
CVPR 2025:  86%|████████▌ | 2461/2871 [02:01<00:17, 23.74it/s]
CVPR 2025:  86%|████████▌ | 2464/2871 [02:01<00:18, 22.24it/s]
CVPR 2025:  86%|████████▌ | 2467/2871 [02:01<00:16, 23.88it/s]
CVPR 2025:  86%|████████▌ | 2470/2871 [02:01<00:18, 21.87it/s]
CVPR 2025:  86%|████████▌ | 2474/2871 [02:01<00:16, 24.47it/s]
CVPR 2025:  86%|████████▋ | 2477/2871 [02:01<00:19, 20.09it/s]
CVPR 2025:  86%|████████▋ | 2482/2871 [02:02<00:17, 22.13it/s]
CVPR 2025:  87%|████████▋ | 2487/2871 [02:02<00:13, 27.61it/s]
CVPR 2025:  87%|████████▋ | 2491/2871 [02:02<00:16, 23.64it/s]
CVPR 2025:  87%|████████▋ | 2494/2871 [02:02<00:18, 20.69it/s]
CVPR 2025:  87%|████████▋ | 2500/2871 [02:02<00:17, 21.45it/s]
CVPR 2025:  87%|████████▋ | 2505/2871 [02:03<00:17, 20.66it/s]
CVPR 2025:  87%|████████▋ | 2510/2871 [02:03<00:18, 20.04it/s]
CVPR 2025:  88%|████████▊ | 2516/2871 [02:03<00:16, 21.21it/s]
CVPR 2025:  88%|████████▊ | 2522/2871 [02:03<00:15, 21.85it/s]
CVPR 2025:  88%|████████▊ | 2528/2871 [02:04<00:15, 22.54it/s]
CVPR 2025:  88%|████████▊ | 2534/2871 [02:04<00:14, 22.98it/s]
CVPR 2025:  88%|████████▊ | 2540/2871 [02:04<00:15, 21.00it/s]
CVPR 2025:  89%|████████▊ | 2546/2871 [02:05<00:17, 18.51it/s]
CVPR 2025:  89%|████████▉ | 2552/2871 [02:05<00:16, 19.18it/s]
CVPR 2025:  89%|████████▉ | 2558/2871 [02:05<00:15, 20.19it/s]
CVPR 2025:  89%|████████▉ | 2562/2871 [02:06<00:20, 15.40it/s]
CVPR 2025:  89%|████████▉ | 2564/2871 [02:06<00:22, 13.50it/s]
CVPR 2025:  89%|████████▉ | 2566/2871 [02:06<00:25, 11.93it/s]
CVPR 2025:  89%|████████▉ | 2568/2871 [02:06<00:28, 10.47it/s]
CVPR 2025:  90%|████████▉ | 2570/2871 [02:07<00:30,  9.80it/s]
CVPR 2025:  90%|████████▉ | 2572/2871 [02:07<00:36,  8.30it/s]
CVPR 2025:  90%|████████▉ | 2574/2871 [02:07<00:36,  8.21it/s]
CVPR 2025:  90%|████████▉ | 2576/2871 [02:08<00:36,  8.07it/s]
CVPR 2025:  90%|████████▉ | 2578/2871 [02:08<00:38,  7.53it/s]
CVPR 2025:  90%|████████▉ | 2582/2871 [02:08<00:29,  9.74it/s]
CVPR 2025:  90%|█████████ | 2586/2871 [02:08<00:24, 11.70it/s]
CVPR 2025:  90%|█████████ | 2592/2871 [02:09<00:18, 15.22it/s]
CVPR 2025:  90%|█████████ | 2598/2871 [02:09<00:15, 17.80it/s]
CVPR 2025:  91%|█████████ | 2604/2871 [02:09<00:13, 19.41it/s]
CVPR 2025:  91%|█████████ | 2610/2871 [02:09<00:12, 20.46it/s]
CVPR 2025:  91%|█████████ | 2616/2871 [02:10<00:12, 21.24it/s]
CVPR 2025:  91%|█████████▏| 2622/2871 [02:10<00:11, 21.82it/s]
CVPR 2025:  92%|█████████▏| 2628/2871 [02:10<00:10, 22.10it/s]
CVPR 2025:  92%|█████████▏| 2634/2871 [02:11<00:11, 19.86it/s]
CVPR 2025:  92%|█████████▏| 2639/2871 [02:11<00:11, 19.56it/s]
CVPR 2025:  92%|█████████▏| 2644/2871 [02:11<00:12, 17.75it/s]
CVPR 2025:  92%|█████████▏| 2649/2871 [02:11<00:12, 17.99it/s]
CVPR 2025:  92%|█████████▏| 2654/2871 [02:12<00:11, 18.34it/s]
CVPR 2025:  93%|█████████▎| 2659/2871 [02:12<00:11, 18.34it/s]
CVPR 2025:  93%|█████████▎| 2664/2871 [02:12<00:11, 18.52it/s]
CVPR 2025:  93%|█████████▎| 2669/2871 [02:12<00:10, 18.43it/s]
CVPR 2025:  93%|█████████▎| 2674/2871 [02:13<00:10, 18.63it/s]
CVPR 2025:  93%|█████████▎| 2679/2871 [02:13<00:10, 18.73it/s]
CVPR 2025:  93%|█████████▎| 2684/2871 [02:13<00:10, 18.54it/s]
CVPR 2025:  94%|█████████▎| 2689/2871 [02:14<00:09, 18.70it/s]
CVPR 2025:  94%|█████████▍| 2694/2871 [02:14<00:11, 15.37it/s]
CVPR 2025:  94%|█████████▍| 2699/2871 [02:14<00:10, 16.38it/s]
CVPR 2025:  94%|█████████▍| 2704/2871 [02:15<00:09, 17.01it/s]
CVPR 2025:  94%|█████████▍| 2709/2871 [02:15<00:09, 17.01it/s]
CVPR 2025:  95%|█████████▍| 2714/2871 [02:15<00:09, 17.43it/s]
CVPR 2025:  95%|█████████▍| 2719/2871 [02:15<00:08, 17.79it/s]
CVPR 2025:  95%|█████████▍| 2724/2871 [02:16<00:08, 17.95it/s]
CVPR 2025:  95%|█████████▌| 2729/2871 [02:16<00:09, 15.55it/s]
CVPR 2025:  95%|█████████▌| 2734/2871 [02:16<00:08, 16.53it/s]
CVPR 2025:  95%|█████████▌| 2739/2871 [02:17<00:07, 16.97it/s]
CVPR 2025:  96%|█████████▌| 2744/2871 [02:17<00:07, 17.63it/s]
CVPR 2025:  96%|█████████▌| 2749/2871 [02:17<00:06, 18.19it/s]
CVPR 2025:  96%|█████████▌| 2755/2871 [02:17<00:05, 19.43it/s]
CVPR 2025:  96%|█████████▌| 2761/2871 [02:18<00:05, 20.36it/s]
CVPR 2025:  96%|█████████▋| 2767/2871 [02:18<00:05, 20.78it/s]
CVPR 2025:  97%|█████████▋| 2773/2871 [02:18<00:05, 18.77it/s]
CVPR 2025:  97%|█████████▋| 2779/2871 [02:19<00:04, 19.62it/s]
CVPR 2025:  97%|█████████▋| 2785/2871 [02:19<00:04, 20.48it/s]
CVPR 2025:  97%|█████████▋| 2791/2871 [02:19<00:03, 20.69it/s]
CVPR 2025:  97%|█████████▋| 2797/2871 [02:19<00:03, 21.20it/s]
CVPR 2025:  98%|█████████▊| 2803/2871 [02:20<00:03, 21.45it/s]
CVPR 2025:  98%|█████████▊| 2809/2871 [02:20<00:02, 21.74it/s]
CVPR 2025:  98%|█████████▊| 2815/2871 [02:20<00:02, 21.87it/s]
CVPR 2025:  98%|█████████▊| 2821/2871 [02:20<00:02, 22.11it/s]
CVPR 2025:  98%|█████████▊| 2827/2871 [02:21<00:02, 21.37it/s]
CVPR 2025:  99%|█████████▊| 2833/2871 [02:21<00:01, 21.81it/s]
CVPR 2025:  99%|█████████▉| 2839/2871 [02:21<00:01, 21.88it/s]
CVPR 2025:  99%|█████████▉| 2845/2871 [02:22<00:01, 21.86it/s]
CVPR 2025:  99%|█████████▉| 2851/2871 [02:22<00:00, 21.98it/s]
CVPR 2025: 100%|█████████▉| 2857/2871 [02:22<00:00, 21.15it/s]
CVPR 2025: 100%|█████████▉| 2863/2871 [02:22<00:00, 21.60it/s]
CVPR 2025: 100%|█████████▉| 2869/2871 [02:23<00:00, 19.34it/s]
CVPR 2025: 100%|██████████| 2871/2871 [02:23<00:00, 20.03it/s]
Scraped 2871 papers for CVPR 2025

CVPR 2024:   0%|          | 0/2716 [00:00<?, ?it/s]
CVPR 2024:   0%|          | 1/2716 [00:00<44:31,  1.02it/s]
CVPR 2024:   0%|          | 7/2716 [00:01<06:26,  7.02it/s]
CVPR 2024:   0%|          | 13/2716 [00:01<03:53, 11.58it/s]
CVPR 2024:   1%|          | 18/2716 [00:01<03:01, 14.83it/s]
CVPR 2024:   1%|          | 23/2716 [00:01<02:15, 19.93it/s]
CVPR 2024:   1%|          | 27/2716 [00:02<02:26, 18.41it/s]
CVPR 2024:   1%|          | 30/2716 [00:02<02:26, 18.37it/s]
CVPR 2024:   1%|          | 33/2716 [00:02<02:12, 20.33it/s]
CVPR 2024:   1%|▏         | 36/2716 [00:02<02:17, 19.48it/s]
CVPR 2024:   1%|▏         | 40/2716 [00:02<01:55, 23.27it/s]
CVPR 2024:   2%|▏         | 43/2716 [00:02<02:00, 22.13it/s]
CVPR 2024:   2%|▏         | 46/2716 [00:02<01:53, 23.57it/s]
CVPR 2024:   2%|▏         | 49/2716 [00:03<01:59, 22.30it/s]
CVPR 2024:   2%|▏         | 52/2716 [00:03<02:09, 20.53it/s]
CVPR 2024:   2%|▏         | 56/2716 [00:03<02:26, 18.17it/s]
CVPR 2024:   2%|▏         | 62/2716 [00:03<02:13, 19.86it/s]
CVPR 2024:   3%|▎         | 68/2716 [00:04<02:10, 20.29it/s]
CVPR 2024:   3%|▎         | 74/2716 [00:04<02:04, 21.24it/s]
CVPR 2024:   3%|▎         | 80/2716 [00:04<02:03, 21.37it/s]
CVPR 2024:   3%|▎         | 86/2716 [00:04<01:58, 22.20it/s]
CVPR 2024:   3%|▎         | 92/2716 [00:05<01:56, 22.44it/s]
CVPR 2024:   4%|▎         | 98/2716 [00:05<01:57, 22.37it/s]
CVPR 2024:   4%|▍         | 104/2716 [00:05<01:56, 22.47it/s]
CVPR 2024:   4%|▍         | 110/2716 [00:05<01:55, 22.48it/s]
CVPR 2024:   4%|▍         | 116/2716 [00:06<01:55, 22.43it/s]
CVPR 2024:   4%|▍         | 122/2716 [00:06<01:54, 22.61it/s]
CVPR 2024:   5%|▍         | 128/2716 [00:06<01:55, 22.38it/s]
CVPR 2024:   5%|▍         | 134/2716 [00:06<01:54, 22.56it/s]
CVPR 2024:   5%|▌         | 140/2716 [00:07<01:52, 22.84it/s]
CVPR 2024:   5%|▌         | 146/2716 [00:07<01:50, 23.18it/s]
CVPR 2024:   6%|▌         | 152/2716 [00:07<01:49, 23.41it/s]
CVPR 2024:   6%|▌         | 157/2716 [00:07<01:35, 26.89it/s]
CVPR 2024:   6%|▌         | 161/2716 [00:07<01:42, 24.87it/s]
CVPR 2024:   6%|▌         | 164/2716 [00:08<01:55, 22.14it/s]
CVPR 2024:   6%|▌         | 169/2716 [00:08<01:50, 23.08it/s]
CVPR 2024:   6%|▋         | 172/2716 [00:08<01:53, 22.37it/s]
CVPR 2024:   6%|▋         | 175/2716 [00:08<01:51, 22.86it/s]
CVPR 2024:   7%|▋         | 178/2716 [00:08<01:52, 22.51it/s]
CVPR 2024:   7%|▋         | 181/2716 [00:08<01:52, 22.56it/s]
CVPR 2024:   7%|▋         | 184/2716 [00:09<02:10, 19.39it/s]
CVPR 2024:   7%|▋         | 189/2716 [00:09<02:13, 18.96it/s]
CVPR 2024:   7%|▋         | 195/2716 [00:09<02:03, 20.38it/s]
CVPR 2024:   7%|▋         | 201/2716 [00:09<01:58, 21.27it/s]
CVPR 2024:   8%|▊         | 207/2716 [00:10<01:54, 21.93it/s]
CVPR 2024:   8%|▊         | 212/2716 [00:10<01:36, 25.96it/s]
CVPR 2024:   8%|▊         | 215/2716 [00:10<01:45, 23.81it/s]
CVPR 2024:   8%|▊         | 218/2716 [00:10<01:40, 24.76it/s]
CVPR 2024:   8%|▊         | 221/2716 [00:10<01:47, 23.17it/s]
CVPR 2024:   8%|▊         | 224/2716 [00:10<02:08, 19.40it/s]
CVPR 2024:   8%|▊         | 228/2716 [00:11<01:58, 20.92it/s]
CVPR 2024:   9%|▊         | 231/2716 [00:11<01:57, 21.10it/s]
CVPR 2024:   9%|▊         | 234/2716 [00:11<01:55, 21.45it/s]
CVPR 2024:   9%|▊         | 237/2716 [00:11<01:53, 21.85it/s]
CVPR 2024:   9%|▉         | 240/2716 [00:11<01:55, 21.47it/s]
CVPR 2024:   9%|▉         | 243/2716 [00:11<01:48, 22.76it/s]
CVPR 2024:   9%|▉         | 246/2716 [00:11<02:12, 18.62it/s]
CVPR 2024:   9%|▉         | 251/2716 [00:12<02:10, 18.90it/s]
CVPR 2024:   9%|▉         | 257/2716 [00:12<02:00, 20.44it/s]
CVPR 2024:  10%|▉         | 263/2716 [00:12<01:55, 21.19it/s]
CVPR 2024:  10%|▉         | 269/2716 [00:13<01:52, 21.84it/s]
CVPR 2024:  10%|█         | 275/2716 [00:13<01:50, 22.15it/s]
CVPR 2024:  10%|█         | 281/2716 [00:13<01:47, 22.64it/s]
CVPR 2024:  11%|█         | 287/2716 [00:13<01:45, 22.94it/s]
CVPR 2024:  11%|█         | 293/2716 [00:14<01:44, 23.27it/s]
CVPR 2024:  11%|█         | 299/2716 [00:14<01:42, 23.47it/s]
CVPR 2024:  11%|█         | 304/2716 [00:14<01:28, 27.13it/s]
CVPR 2024:  11%|█▏        | 308/2716 [00:14<01:36, 24.83it/s]
CVPR 2024:  11%|█▏        | 311/2716 [00:14<01:48, 22.18it/s]
CVPR 2024:  12%|█▏        | 316/2716 [00:14<01:36, 24.92it/s]
CVPR 2024:  12%|█▏        | 319/2716 [00:15<01:46, 22.52it/s]
CVPR 2024:  12%|█▏        | 323/2716 [00:15<01:49, 21.78it/s]
CVPR 2024:  12%|█▏        | 328/2716 [00:15<01:39, 23.92it/s]
CVPR 2024:  12%|█▏        | 331/2716 [00:15<01:47, 22.22it/s]
CVPR 2024:  12%|█▏        | 334/2716 [00:15<01:41, 23.38it/s]
CVPR 2024:  12%|█▏        | 337/2716 [00:15<01:46, 22.25it/s]
CVPR 2024:  13%|█▎        | 340/2716 [00:16<01:43, 22.86it/s]
CVPR 2024:  13%|█▎        | 343/2716 [00:16<01:48, 21.82it/s]
CVPR 2024:  13%|█▎        | 346/2716 [00:16<01:42, 23.04it/s]
CVPR 2024:  13%|█▎        | 349/2716 [00:16<01:47, 22.01it/s]
CVPR 2024:  13%|█▎        | 353/2716 [00:16<01:34, 25.13it/s]
CVPR 2024:  13%|█▎        | 356/2716 [00:16<01:41, 23.35it/s]
CVPR 2024:  13%|█▎        | 359/2716 [00:16<01:38, 24.00it/s]
CVPR 2024:  13%|█▎        | 362/2716 [00:17<01:43, 22.76it/s]
CVPR 2024:  13%|█▎        | 365/2716 [00:17<01:42, 23.03it/s]
CVPR 2024:  14%|█▎        | 368/2716 [00:17<01:45, 22.17it/s]
CVPR 2024:  14%|█▎        | 371/2716 [00:17<01:42, 22.77it/s]
CVPR 2024:  14%|█▍        | 374/2716 [00:17<01:45, 22.11it/s]
CVPR 2024:  14%|█▍        | 377/2716 [00:17<01:44, 22.45it/s]
CVPR 2024:  14%|█▍        | 380/2716 [00:17<01:44, 22.26it/s]
CVPR 2024:  14%|█▍        | 383/2716 [00:17<01:46, 21.95it/s]
CVPR 2024:  14%|█▍        | 386/2716 [00:18<01:46, 21.96it/s]
CVPR 2024:  14%|█▍        | 389/2716 [00:18<02:14, 17.34it/s]
CVPR 2024:  14%|█▍        | 392/2716 [00:18<03:05, 12.54it/s]
CVPR 2024:  15%|█▍        | 397/2716 [00:19<02:40, 14.49it/s]
CVPR 2024:  15%|█▍        | 402/2716 [00:19<02:26, 15.84it/s]
CVPR 2024:  15%|█▍        | 407/2716 [00:19<02:17, 16.76it/s]
CVPR 2024:  15%|█▌        | 412/2716 [00:19<02:12, 17.45it/s]
CVPR 2024:  15%|█▌        | 417/2716 [00:20<02:09, 17.70it/s]
CVPR 2024:  16%|█▌        | 422/2716 [00:20<02:06, 18.14it/s]
CVPR 2024:  16%|█▌        | 427/2716 [00:20<02:06, 18.15it/s]
CVPR 2024:  16%|█▌        | 432/2716 [00:20<02:06, 18.12it/s]
CVPR 2024:  16%|█▌        | 437/2716 [00:21<02:03, 18.39it/s]
CVPR 2024:  16%|█▋        | 442/2716 [00:21<02:03, 18.37it/s]
CVPR 2024:  16%|█▋        | 447/2716 [00:21<02:05, 18.10it/s]
CVPR 2024:  17%|█▋        | 452/2716 [00:22<02:10, 17.34it/s]
CVPR 2024:  17%|█▋        | 457/2716 [00:22<02:05, 17.96it/s]
CVPR 2024:  17%|█▋        | 462/2716 [00:22<02:02, 18.37it/s]
CVPR 2024:  17%|█▋        | 467/2716 [00:22<02:00, 18.68it/s]
CVPR 2024:  17%|█▋        | 472/2716 [00:23<02:00, 18.67it/s]
CVPR 2024:  18%|█▊        | 477/2716 [00:23<01:59, 18.80it/s]
CVPR 2024:  18%|█▊        | 482/2716 [00:23<01:58, 18.87it/s]
CVPR 2024:  18%|█▊        | 487/2716 [00:23<02:00, 18.51it/s]
CVPR 2024:  18%|█▊        | 492/2716 [00:24<02:01, 18.37it/s]
CVPR 2024:  18%|█▊        | 497/2716 [00:24<01:59, 18.60it/s]
CVPR 2024:  18%|█▊        | 502/2716 [00:24<01:59, 18.53it/s]
CVPR 2024:  19%|█▊        | 507/2716 [00:25<02:17, 16.05it/s]
CVPR 2024:  19%|█▉        | 512/2716 [00:25<02:31, 14.55it/s]
CVPR 2024:  19%|█▉        | 517/2716 [00:25<02:22, 15.48it/s]
CVPR 2024:  19%|█▉        | 522/2716 [00:26<02:24, 15.15it/s]
CVPR 2024:  19%|█▉        | 527/2716 [00:26<02:15, 16.10it/s]
CVPR 2024:  20%|█▉        | 532/2716 [00:26<02:18, 15.80it/s]
CVPR 2024:  20%|█▉        | 537/2716 [00:27<02:11, 16.56it/s]
CVPR 2024:  20%|█▉        | 542/2716 [00:27<02:06, 17.21it/s]
CVPR 2024:  20%|██        | 547/2716 [00:27<02:06, 17.11it/s]
CVPR 2024:  20%|██        | 552/2716 [00:27<02:22, 15.24it/s]
CVPR 2024:  21%|██        | 557/2716 [00:28<02:31, 14.24it/s]
CVPR 2024:  21%|██        | 562/2716 [00:28<02:38, 13.56it/s]
CVPR 2024:  21%|██        | 567/2716 [00:29<02:27, 14.59it/s]
CVPR 2024:  21%|██        | 569/2716 [00:29<02:56, 12.14it/s]
CVPR 2024:  21%|██        | 571/2716 [00:29<03:12, 11.12it/s]
CVPR 2024:  21%|██        | 575/2716 [00:29<02:56, 12.12it/s]
CVPR 2024:  21%|██▏       | 578/2716 [00:30<02:52, 12.37it/s]
CVPR 2024:  21%|██▏       | 582/2716 [00:30<02:40, 13.28it/s]
CVPR 2024:  22%|██▏       | 587/2716 [00:30<02:58, 11.94it/s]
CVPR 2024:  22%|██▏       | 592/2716 [00:31<02:34, 13.73it/s]
CVPR 2024:  22%|██▏       | 597/2716 [00:31<02:20, 15.05it/s]
CVPR 2024:  22%|██▏       | 602/2716 [00:31<02:10, 16.20it/s]
CVPR 2024:  22%|██▏       | 607/2716 [00:31<02:03, 17.09it/s]
CVPR 2024:  23%|██▎       | 612/2716 [00:32<02:07, 16.47it/s]
CVPR 2024:  23%|██▎       | 617/2716 [00:32<02:03, 17.03it/s]
CVPR 2024:  23%|██▎       | 622/2716 [00:32<01:58, 17.69it/s]
CVPR 2024:  23%|██▎       | 627/2716 [00:33<01:55, 18.12it/s]
CVPR 2024:  23%|██▎       | 632/2716 [00:33<01:54, 18.27it/s]
CVPR 2024:  23%|██▎       | 637/2716 [00:33<01:51, 18.67it/s]
CVPR 2024:  24%|██▎       | 642/2716 [00:33<01:58, 17.49it/s]
CVPR 2024:  24%|██▍       | 647/2716 [00:34<01:55, 17.99it/s]
CVPR 2024:  24%|██▍       | 652/2716 [00:34<01:53, 18.12it/s]
CVPR 2024:  24%|██▍       | 657/2716 [00:34<01:52, 18.23it/s]
CVPR 2024:  24%|██▍       | 662/2716 [00:34<01:50, 18.50it/s]
CVPR 2024:  25%|██▍       | 667/2716 [00:35<01:49, 18.71it/s]
CVPR 2024:  25%|██▍       | 672/2716 [00:35<01:50, 18.50it/s]
CVPR 2024:  25%|██▍       | 677/2716 [00:35<01:48, 18.78it/s]
CVPR 2024:  25%|██▌       | 682/2716 [00:36<01:50, 18.38it/s]
CVPR 2024:  25%|██▌       | 687/2716 [00:36<01:48, 18.77it/s]
CVPR 2024:  25%|██▌       | 692/2716 [00:36<02:13, 15.11it/s]
CVPR 2024:  26%|██▌       | 697/2716 [00:37<02:21, 14.22it/s]
CVPR 2024:  26%|██▌       | 702/2716 [00:37<02:28, 13.54it/s]
CVPR 2024:  26%|██▌       | 707/2716 [00:38<02:33, 13.08it/s]
CVPR 2024:  26%|██▌       | 712/2716 [00:38<02:18, 14.45it/s]
CVPR 2024:  26%|██▋       | 717/2716 [00:38<02:08, 15.51it/s]
CVPR 2024:  27%|██▋       | 722/2716 [00:38<02:01, 16.40it/s]
CVPR 2024:  27%|██▋       | 727/2716 [00:39<01:56, 17.01it/s]
CVPR 2024:  27%|██▋       | 732/2716 [00:39<01:52, 17.58it/s]
CVPR 2024:  27%|██▋       | 736/2716 [00:39<01:46, 18.60it/s]
CVPR 2024:  27%|██▋       | 740/2716 [00:39<01:31, 21.70it/s]
CVPR 2024:  27%|██▋       | 743/2716 [00:39<01:47, 18.29it/s]
CVPR 2024:  27%|██▋       | 746/2716 [00:40<01:46, 18.50it/s]
CVPR 2024:  28%|██▊       | 749/2716 [00:40<01:37, 20.09it/s]
CVPR 2024:  28%|██▊       | 752/2716 [00:40<01:55, 16.94it/s]
CVPR 2024:  28%|██▊       | 756/2716 [00:40<01:39, 19.62it/s]
CVPR 2024:  28%|██▊       | 759/2716 [00:40<01:37, 20.03it/s]
CVPR 2024:  28%|██▊       | 762/2716 [00:40<01:53, 17.17it/s]
CVPR 2024:  28%|██▊       | 766/2716 [00:41<01:35, 20.39it/s]
CVPR 2024:  28%|██▊       | 769/2716 [00:41<01:35, 20.45it/s]
CVPR 2024:  28%|██▊       | 772/2716 [00:41<01:49, 17.68it/s]
CVPR 2024:  29%|██▊       | 776/2716 [00:41<01:34, 20.46it/s]
CVPR 2024:  29%|██▊       | 779/2716 [00:41<01:32, 20.90it/s]
CVPR 2024:  29%|██▉       | 781/2716 [00:41<01:43, 18.67it/s]
Traceback (most recent call last):
  File "/Users/sunlay/Desktop/ai_learn/literature_survey/run_survey.py", line 1782, in <module>
    raise SystemExit(main())
                     ~~~~^^
  File "/Users/sunlay/Desktop/ai_learn/literature_survey/run_survey.py", line 1728, in main
    raw_frame = scrape_all(
        venues=args.venues,
    ...<2 lines>...
        workers=args.workers,
    )
  File "/Users/sunlay/Desktop/ai_learn/literature_survey/run_survey.py", line 743, in scrape_all
    rows = scrape_venue_year(venue, year, max_papers, workers)
  File "/Users/sunlay/Desktop/ai_learn/literature_survey/run_survey.py", line 731, in scrape_venue_year
    return adapter.scrape(spec, year, max_papers, workers)
           ~~~~~~~~~~~~~~^^^^^^^^^^^^^^^^^^^^^^^^^^^^^^^^^
  File "/Users/sunlay/Desktop/ai_learn/literature_survey/run_survey.py", line 150, in scrape
    return scrape_cvpr_year(spec, year, max_papers, workers)
  File "/Users/sunlay/Desktop/ai_learn/literature_survey/run_survey.py", line 657, in scrape_cvpr_year
    result = future.result()
  File "/Users/sunlay/miniconda3/lib/python3.13/concurrent/futures/_base.py", line 449, in result
    return self.__get_result()
           ~~~~~~~~~~~~~~~~~^^
  File "/Users/sunlay/miniconda3/lib/python3.13/concurrent/futures/_base.py", line 401, in __get_result
    raise self._exception
  File "/Users/sunlay/miniconda3/lib/python3.13/concurrent/futures/thread.py", line 59, in run
    result = self.fn(*self.args, **self.kwargs)
  File "/Users/sunlay/Desktop/ai_learn/literature_survey/run_survey.py", line 641, in fetch_detail
    detail_soup = BeautifulSoup(request_text(item["detail_url"], timeout=60), "html.parser")
                                ~~~~~~~~~~~~^^^^^^^^^^^^^^^^^^^^^^^^^^^^^^^^
  File "/Users/sunlay/Desktop/ai_learn/literature_survey/run_survey.py", line 330, in request_text
    response.raise_for_status()
    ~~~~~~~~~~~~~~~~~~~~~~~~~^^
  File "/Users/sunlay/Desktop/ai_learn/.venv/lib/python3.13/site-packages/requests/models.py", line 1028, in raise_for_status
    raise HTTPError(http_error_msg, response=self)
requests.exceptions.HTTPError: 404 Client Error: Not Found for url: https://openaccess.thecvf.com/content/CVPR2024/html/Chen_SportsSloMo_A_New_Benchmark_and_Baselines_for_Human-centric_Video_Frame_CVPR_2024_paper.html
